0 info it worked if it ends with ok
1 verbose cli [ '/usr/bin/node', '/usr/bin/npm', 'install' ]
2 info using npm@3.5.2
3 info using node@v8.10.0
4 silly loadCurrentTree Starting
5 silly install loadCurrentTree
6 silly install readLocalPackageData
7 silly install normalizeTree
8 silly loadCurrentTree Finishing
9 silly loadIdealTree Starting
10 silly install loadIdealTree
11 silly cloneCurrentTree Starting
12 silly install cloneCurrentTreeToIdealTree
13 silly cloneCurrentTree Finishing
14 silly loadShrinkwrap Starting
15 silly install loadShrinkwrap
16 silly loadShrinkwrap Finishing
17 silly loadAllDepsIntoIdealTree Starting
18 silly install loadAllDepsIntoIdealTree
19 silly loadAllDepsIntoIdealTree Finishing
20 silly idealTree:prePrune YarpJS@1.0.0
20 silly idealTree:prePrune ├── abbrev@1.1.1
20 silly idealTree:prePrune ├── accepts@1.3.7
20 silly idealTree:prePrune ├── after@0.8.2
20 silly idealTree:prePrune ├── ajv@6.10.0
20 silly idealTree:prePrune ├── amdefine@1.0.1
20 silly idealTree:prePrune ├── ansi-regex@2.1.1
20 silly idealTree:prePrune ├── ansi@0.3.1
20 silly idealTree:prePrune ├─┬ are-we-there-yet@1.0.6
20 silly idealTree:prePrune │ ├── isarray@1.0.0
20 silly idealTree:prePrune │ ├── readable-stream@2.3.6
20 silly idealTree:prePrune │ └── string_decoder@1.1.1
20 silly idealTree:prePrune ├── array-flatten@1.1.1
20 silly idealTree:prePrune ├── arraybuffer.slice@0.0.7
20 silly idealTree:prePrune ├── asn1@0.2.4
20 silly idealTree:prePrune ├── assert-plus@1.0.0
20 silly idealTree:prePrune ├── async-limiter@1.0.0
20 silly idealTree:prePrune ├── asynckit@0.4.0
20 silly idealTree:prePrune ├── aws-sign2@0.7.0
20 silly idealTree:prePrune ├── aws4@1.8.0
20 silly idealTree:prePrune ├── backo2@1.0.2
20 silly idealTree:prePrune ├── balanced-match@1.0.0
20 silly idealTree:prePrune ├── base64-arraybuffer@0.1.5
20 silly idealTree:prePrune ├── base64id@1.0.0
20 silly idealTree:prePrune ├── bcrypt-pbkdf@1.0.2
20 silly idealTree:prePrune ├── better-assert@1.0.2
20 silly idealTree:prePrune ├── binary@0.3.0
20 silly idealTree:prePrune ├── blob@0.0.5
20 silly idealTree:prePrune ├── block-stream@0.0.9
20 silly idealTree:prePrune ├── bluebird@2.11.0
20 silly idealTree:prePrune ├─┬ body-parser@1.19.0
20 silly idealTree:prePrune │ └── qs@6.7.0
20 silly idealTree:prePrune ├── brace-expansion@1.1.11
20 silly idealTree:prePrune ├── buffers@0.1.1
20 silly idealTree:prePrune ├── bytes@3.1.0
20 silly idealTree:prePrune ├── callsite@1.0.0
20 silly idealTree:prePrune ├── camelcase@2.1.1
20 silly idealTree:prePrune ├── caseless@0.12.0
20 silly idealTree:prePrune ├── chainsaw@0.1.0
20 silly idealTree:prePrune ├── cliui@3.2.0
20 silly idealTree:prePrune ├── cmake-js@3.2.1
20 silly idealTree:prePrune ├── code-point-at@1.1.0
20 silly idealTree:prePrune ├── combined-stream@1.0.8
20 silly idealTree:prePrune ├── commander@2.9.0
20 silly idealTree:prePrune ├── component-bind@1.0.0
20 silly idealTree:prePrune ├── component-emitter@1.2.1
20 silly idealTree:prePrune ├── component-inherit@0.0.3
20 silly idealTree:prePrune ├── concat-map@0.0.1
20 silly idealTree:prePrune ├── config-chain@1.1.12
20 silly idealTree:prePrune ├── content-disposition@0.5.3
20 silly idealTree:prePrune ├── content-type@1.0.4
20 silly idealTree:prePrune ├── cookie-signature@1.0.6
20 silly idealTree:prePrune ├── cookie@0.4.0
20 silly idealTree:prePrune ├── core-util-is@1.0.2
20 silly idealTree:prePrune ├── dashdash@1.14.1
20 silly idealTree:prePrune ├── debug@2.6.9
20 silly idealTree:prePrune ├── decamelize@1.2.0
20 silly idealTree:prePrune ├── delayed-stream@1.0.0
20 silly idealTree:prePrune ├── delegates@1.0.0
20 silly idealTree:prePrune ├── depd@1.1.2
20 silly idealTree:prePrune ├── destroy@1.0.4
20 silly idealTree:prePrune ├── ecc-jsbn@0.1.2
20 silly idealTree:prePrune ├── ee-first@1.1.1
20 silly idealTree:prePrune ├── encodeurl@1.0.2
20 silly idealTree:prePrune ├─┬ engine.io-client@3.3.2
20 silly idealTree:prePrune │ └── debug@3.1.0
20 silly idealTree:prePrune ├── engine.io-parser@2.1.3
20 silly idealTree:prePrune ├─┬ engine.io@3.3.2
20 silly idealTree:prePrune │ ├── cookie@0.3.1
20 silly idealTree:prePrune │ └── debug@3.1.0
20 silly idealTree:prePrune ├── escape-html@1.0.3
20 silly idealTree:prePrune ├── etag@1.8.1
20 silly idealTree:prePrune ├─┬ express@4.17.1
20 silly idealTree:prePrune │ └── qs@6.7.0
20 silly idealTree:prePrune ├── extend@3.0.2
20 silly idealTree:prePrune ├── extsprintf@1.3.0
20 silly idealTree:prePrune ├── fast-deep-equal@2.0.1
20 silly idealTree:prePrune ├── fast-json-stable-stringify@2.0.0
20 silly idealTree:prePrune ├── finalhandler@1.1.2
20 silly idealTree:prePrune ├── forever-agent@0.6.1
20 silly idealTree:prePrune ├── form-data@2.3.3
20 silly idealTree:prePrune ├── forwarded@0.1.2
20 silly idealTree:prePrune ├── fresh@0.5.2
20 silly idealTree:prePrune ├── fs-extra@0.16.5
20 silly idealTree:prePrune ├── fs.realpath@1.0.0
20 silly idealTree:prePrune ├─┬ fstream@1.0.12
20 silly idealTree:prePrune │ └── graceful-fs@4.2.0
20 silly idealTree:prePrune ├── gauge@1.2.7
20 silly idealTree:prePrune ├── getpass@0.1.7
20 silly idealTree:prePrune ├── glob@7.1.4
20 silly idealTree:prePrune ├── graceful-fs@3.0.11
20 silly idealTree:prePrune ├── graceful-readlink@1.0.1
20 silly idealTree:prePrune ├── har-schema@2.0.0
20 silly idealTree:prePrune ├── har-validator@5.1.3
20 silly idealTree:prePrune ├─┬ has-binary2@1.0.3
20 silly idealTree:prePrune │ └── isarray@2.0.1
20 silly idealTree:prePrune ├── has-cors@1.1.0
20 silly idealTree:prePrune ├── has-unicode@2.0.1
20 silly idealTree:prePrune ├─┬ http-errors@1.7.2
20 silly idealTree:prePrune │ └── inherits@2.0.3
20 silly idealTree:prePrune ├── http-signature@1.2.0
20 silly idealTree:prePrune ├── iconv-lite@0.4.24
20 silly idealTree:prePrune ├── indexof@0.0.1
20 silly idealTree:prePrune ├── inflight@1.0.6
20 silly idealTree:prePrune ├── inherits@2.0.4
20 silly idealTree:prePrune ├── ini@1.3.5
20 silly idealTree:prePrune ├── invert-kv@1.0.0
20 silly idealTree:prePrune ├── ipaddr.js@1.9.0
20 silly idealTree:prePrune ├── is-fullwidth-code-point@1.0.0
20 silly idealTree:prePrune ├── is-iojs@1.1.0
20 silly idealTree:prePrune ├── is-typedarray@1.0.0
20 silly idealTree:prePrune ├── isarray@0.0.1
20 silly idealTree:prePrune ├── isexe@2.0.0
20 silly idealTree:prePrune ├── isstream@0.1.2
20 silly idealTree:prePrune ├── jquery@3.4.1
20 silly idealTree:prePrune ├── jsbn@0.1.1
20 silly idealTree:prePrune ├── json-schema-traverse@0.4.1
20 silly idealTree:prePrune ├── json-schema@0.2.3
20 silly idealTree:prePrune ├── json-stringify-safe@5.0.1
20 silly idealTree:prePrune ├─┬ jsonfile@2.4.0
20 silly idealTree:prePrune │ └── graceful-fs@4.2.0
20 silly idealTree:prePrune ├── jsprim@1.4.1
20 silly idealTree:prePrune ├── lcid@1.0.0
20 silly idealTree:prePrune ├── lodash.pad@4.5.1
20 silly idealTree:prePrune ├── lodash.padend@4.6.1
20 silly idealTree:prePrune ├── lodash.padstart@4.6.1
20 silly idealTree:prePrune ├── lodash@3.10.1
20 silly idealTree:prePrune ├── match-stream@0.0.2
20 silly idealTree:prePrune ├── media-typer@0.3.0
20 silly idealTree:prePrune ├── memory-stream@0.0.3
20 silly idealTree:prePrune ├── merge-descriptors@1.0.1
20 silly idealTree:prePrune ├── methods@1.1.2
20 silly idealTree:prePrune ├── mime-db@1.40.0
20 silly idealTree:prePrune ├── mime-types@2.1.24
20 silly idealTree:prePrune ├── mime@1.6.0
20 silly idealTree:prePrune ├── minimatch@3.0.4
20 silly idealTree:prePrune ├── minimist@0.0.8
20 silly idealTree:prePrune ├── mkdirp@0.5.1
20 silly idealTree:prePrune ├── ms@2.0.0
20 silly idealTree:prePrune ├── nan@2.14.0
20 silly idealTree:prePrune ├── natives@1.1.6
20 silly idealTree:prePrune ├── negotiator@0.6.2
20 silly idealTree:prePrune ├── nopt@3.0.6
20 silly idealTree:prePrune ├─┬ npmconf@2.1.3
20 silly idealTree:prePrune │ ├── once@1.3.3
20 silly idealTree:prePrune │ └── semver@4.3.6
20 silly idealTree:prePrune ├── npmlog@1.2.1
20 silly idealTree:prePrune ├── number-is-nan@1.0.1
20 silly idealTree:prePrune ├── oauth-sign@0.9.0
20 silly idealTree:prePrune ├── object-component@0.0.3
20 silly idealTree:prePrune ├── on-finished@2.3.0
20 silly idealTree:prePrune ├── once@1.4.0
20 silly idealTree:prePrune ├── os-homedir@1.0.2
20 silly idealTree:prePrune ├── os-locale@1.4.0
20 silly idealTree:prePrune ├── os-tmpdir@1.0.2
20 silly idealTree:prePrune ├── osenv@0.1.5
20 silly idealTree:prePrune ├── over@0.0.5
20 silly idealTree:prePrune ├── parseqs@0.0.5
20 silly idealTree:prePrune ├── parseuri@0.0.5
20 silly idealTree:prePrune ├── parseurl@1.3.3
20 silly idealTree:prePrune ├── path-is-absolute@1.0.1
20 silly idealTree:prePrune ├── path-to-regexp@0.1.7
20 silly idealTree:prePrune ├── performance-now@2.1.0
20 silly idealTree:prePrune ├── process-nextick-args@2.0.1
20 silly idealTree:prePrune ├── proto-list@1.2.4
20 silly idealTree:prePrune ├── proxy-addr@2.0.5
20 silly idealTree:prePrune ├── psl@1.2.0
20 silly idealTree:prePrune ├── pullstream@0.4.1
20 silly idealTree:prePrune ├── punycode@2.1.1
20 silly idealTree:prePrune ├── qs@6.5.2
20 silly idealTree:prePrune ├── range-parser@1.2.1
20 silly idealTree:prePrune ├── raw-body@2.4.0
20 silly idealTree:prePrune ├── readable-stream@1.0.34
20 silly idealTree:prePrune ├── request@2.88.0
20 silly idealTree:prePrune ├── rimraf@2.6.3
20 silly idealTree:prePrune ├── rsvp@3.6.2
20 silly idealTree:prePrune ├── safe-buffer@5.1.2
20 silly idealTree:prePrune ├── safer-buffer@2.1.2
20 silly idealTree:prePrune ├── semver@5.7.0
20 silly idealTree:prePrune ├─┬ send@0.17.1
20 silly idealTree:prePrune │ └── ms@2.1.1
20 silly idealTree:prePrune ├── serve-static@1.14.1
20 silly idealTree:prePrune ├── setimmediate@1.0.5
20 silly idealTree:prePrune ├── setprototypeof@1.1.1
20 silly idealTree:prePrune ├── slice-stream@1.0.0
20 silly idealTree:prePrune ├── socket.io-adapter@1.1.1
20 silly idealTree:prePrune ├─┬ socket.io-client@2.2.0
20 silly idealTree:prePrune │ └── debug@3.1.0
20 silly idealTree:prePrune ├─┬ socket.io-parser@3.3.0
20 silly idealTree:prePrune │ ├── debug@3.1.0
20 silly idealTree:prePrune │ └── isarray@2.0.1
20 silly idealTree:prePrune ├─┬ socket.io-stream@0.9.1
20 silly idealTree:prePrune │ ├── debug@2.2.0
20 silly idealTree:prePrune │ └── ms@0.7.1
20 silly idealTree:prePrune ├─┬ socket.io@2.2.0
20 silly idealTree:prePrune │ ├── debug@4.1.1
20 silly idealTree:prePrune │ └── ms@2.1.2
20 silly idealTree:prePrune ├── source-map-support@0.2.10
20 silly idealTree:prePrune ├── source-map@0.1.32
20 silly idealTree:prePrune ├── splitargs@0.0.7
20 silly idealTree:prePrune ├── sshpk@1.16.1
20 silly idealTree:prePrune ├── statuses@1.5.0
20 silly idealTree:prePrune ├── string_decoder@0.10.31
20 silly idealTree:prePrune ├── string-width@1.0.2
20 silly idealTree:prePrune ├── strip-ansi@3.0.1
20 silly idealTree:prePrune ├── tar@1.0.3
20 silly idealTree:prePrune ├── three@0.106.2
20 silly idealTree:prePrune ├── to-array@0.1.4
20 silly idealTree:prePrune ├── toidentifier@1.0.0
20 silly idealTree:prePrune ├─┬ tough-cookie@2.4.3
20 silly idealTree:prePrune │ └── punycode@1.4.1
20 silly idealTree:prePrune ├─┬ traceur@0.0.111
20 silly idealTree:prePrune │ ├── glob@5.0.15
20 silly idealTree:prePrune │ └── semver@4.3.6
20 silly idealTree:prePrune ├── traverse@0.3.9
20 silly idealTree:prePrune ├── tunnel-agent@0.6.0
20 silly idealTree:prePrune ├── tweetnacl@0.14.5
20 silly idealTree:prePrune ├── type-is@1.6.18
20 silly idealTree:prePrune ├── uid-number@0.0.5
20 silly idealTree:prePrune ├── unpipe@1.0.0
20 silly idealTree:prePrune ├─┬ unzip@0.1.11
20 silly idealTree:prePrune │ └── fstream@0.1.31
20 silly idealTree:prePrune ├── uri-js@4.2.2
20 silly idealTree:prePrune ├── url-join@0.0.1
20 silly idealTree:prePrune ├── util-deprecate@1.0.2
20 silly idealTree:prePrune ├── utils-merge@1.0.1
20 silly idealTree:prePrune ├── uuid@3.3.2
20 silly idealTree:prePrune ├── vary@1.1.2
20 silly idealTree:prePrune ├── verror@1.10.0
20 silly idealTree:prePrune ├── which@1.3.1
20 silly idealTree:prePrune ├── window-size@0.1.4
20 silly idealTree:prePrune ├── wrap-ansi@2.1.0
20 silly idealTree:prePrune ├── wrappy@1.0.2
20 silly idealTree:prePrune ├── ws@6.1.4
20 silly idealTree:prePrune ├── xmlhttprequest-ssl@1.5.5
20 silly idealTree:prePrune ├── y18n@3.2.1
20 silly idealTree:prePrune ├── yargs@3.32.0
20 silly idealTree:prePrune └── yeast@0.1.2
21 silly loadIdealTree Finishing
22 silly currentTree YarpJS@1.0.0
22 silly currentTree ├── abbrev@1.1.1
22 silly currentTree ├── accepts@1.3.7
22 silly currentTree ├── after@0.8.2
22 silly currentTree ├── ajv@6.10.0
22 silly currentTree ├── amdefine@1.0.1
22 silly currentTree ├── ansi-regex@2.1.1
22 silly currentTree ├── ansi@0.3.1
22 silly currentTree ├─┬ are-we-there-yet@1.0.6
22 silly currentTree │ ├── isarray@1.0.0
22 silly currentTree │ ├── readable-stream@2.3.6
22 silly currentTree │ └── string_decoder@1.1.1
22 silly currentTree ├── array-flatten@1.1.1
22 silly currentTree ├── arraybuffer.slice@0.0.7
22 silly currentTree ├── asn1@0.2.4
22 silly currentTree ├── assert-plus@1.0.0
22 silly currentTree ├── async-limiter@1.0.0
22 silly currentTree ├── asynckit@0.4.0
22 silly currentTree ├── aws-sign2@0.7.0
22 silly currentTree ├── aws4@1.8.0
22 silly currentTree ├── backo2@1.0.2
22 silly currentTree ├── balanced-match@1.0.0
22 silly currentTree ├── base64-arraybuffer@0.1.5
22 silly currentTree ├── base64id@1.0.0
22 silly currentTree ├── bcrypt-pbkdf@1.0.2
22 silly currentTree ├── better-assert@1.0.2
22 silly currentTree ├── binary@0.3.0
22 silly currentTree ├── blob@0.0.5
22 silly currentTree ├── block-stream@0.0.9
22 silly currentTree ├── bluebird@2.11.0
22 silly currentTree ├─┬ body-parser@1.19.0
22 silly currentTree │ └── qs@6.7.0
22 silly currentTree ├── brace-expansion@1.1.11
22 silly currentTree ├── buffers@0.1.1
22 silly currentTree ├── bytes@3.1.0
22 silly currentTree ├── callsite@1.0.0
22 silly currentTree ├── camelcase@2.1.1
22 silly currentTree ├── caseless@0.12.0
22 silly currentTree ├── chainsaw@0.1.0
22 silly currentTree ├── cliui@3.2.0
22 silly currentTree ├── cmake-js@3.2.1
22 silly currentTree ├── code-point-at@1.1.0
22 silly currentTree ├── combined-stream@1.0.8
22 silly currentTree ├── commander@2.9.0
22 silly currentTree ├── component-bind@1.0.0
22 silly currentTree ├── component-emitter@1.2.1
22 silly currentTree ├── component-inherit@0.0.3
22 silly currentTree ├── concat-map@0.0.1
22 silly currentTree ├── config-chain@1.1.12
22 silly currentTree ├── content-disposition@0.5.3
22 silly currentTree ├── content-type@1.0.4
22 silly currentTree ├── cookie-signature@1.0.6
22 silly currentTree ├── cookie@0.4.0
22 silly currentTree ├── core-util-is@1.0.2
22 silly currentTree ├── dashdash@1.14.1
22 silly currentTree ├── debug@2.6.9
22 silly currentTree ├── decamelize@1.2.0
22 silly currentTree ├── delayed-stream@1.0.0
22 silly currentTree ├── delegates@1.0.0
22 silly currentTree ├── depd@1.1.2
22 silly currentTree ├── destroy@1.0.4
22 silly currentTree ├── ecc-jsbn@0.1.2
22 silly currentTree ├── ee-first@1.1.1
22 silly currentTree ├── encodeurl@1.0.2
22 silly currentTree ├─┬ engine.io-client@3.3.2
22 silly currentTree │ └── debug@3.1.0
22 silly currentTree ├── engine.io-parser@2.1.3
22 silly currentTree ├─┬ engine.io@3.3.2
22 silly currentTree │ ├── cookie@0.3.1
22 silly currentTree │ └── debug@3.1.0
22 silly currentTree ├── escape-html@1.0.3
22 silly currentTree ├── etag@1.8.1
22 silly currentTree ├─┬ express@4.17.1
22 silly currentTree │ └── qs@6.7.0
22 silly currentTree ├── extend@3.0.2
22 silly currentTree ├── extsprintf@1.3.0
22 silly currentTree ├── fast-deep-equal@2.0.1
22 silly currentTree ├── fast-json-stable-stringify@2.0.0
22 silly currentTree ├── finalhandler@1.1.2
22 silly currentTree ├── forever-agent@0.6.1
22 silly currentTree ├── form-data@2.3.3
22 silly currentTree ├── forwarded@0.1.2
22 silly currentTree ├── fresh@0.5.2
22 silly currentTree ├── fs-extra@0.16.5
22 silly currentTree ├── fs.realpath@1.0.0
22 silly currentTree ├─┬ fstream@1.0.12
22 silly currentTree │ └── graceful-fs@4.2.0
22 silly currentTree ├── gauge@1.2.7
22 silly currentTree ├── getpass@0.1.7
22 silly currentTree ├── glob@7.1.4
22 silly currentTree ├── graceful-fs@3.0.11
22 silly currentTree ├── graceful-readlink@1.0.1
22 silly currentTree ├── har-schema@2.0.0
22 silly currentTree ├── har-validator@5.1.3
22 silly currentTree ├─┬ has-binary2@1.0.3
22 silly currentTree │ └── isarray@2.0.1
22 silly currentTree ├── has-cors@1.1.0
22 silly currentTree ├── has-unicode@2.0.1
22 silly currentTree ├─┬ http-errors@1.7.2
22 silly currentTree │ └── inherits@2.0.3
22 silly currentTree ├── http-signature@1.2.0
22 silly currentTree ├── iconv-lite@0.4.24
22 silly currentTree ├── indexof@0.0.1
22 silly currentTree ├── inflight@1.0.6
22 silly currentTree ├── inherits@2.0.4
22 silly currentTree ├── ini@1.3.5
22 silly currentTree ├── invert-kv@1.0.0
22 silly currentTree ├── ipaddr.js@1.9.0
22 silly currentTree ├── is-fullwidth-code-point@1.0.0
22 silly currentTree ├── is-iojs@1.1.0
22 silly currentTree ├── is-typedarray@1.0.0
22 silly currentTree ├── isarray@0.0.1
22 silly currentTree ├── isexe@2.0.0
22 silly currentTree ├── isstream@0.1.2
22 silly currentTree ├── jquery@3.4.1
22 silly currentTree ├── jsbn@0.1.1
22 silly currentTree ├── json-schema-traverse@0.4.1
22 silly currentTree ├── json-schema@0.2.3
22 silly currentTree ├── json-stringify-safe@5.0.1
22 silly currentTree ├─┬ jsonfile@2.4.0
22 silly currentTree │ └── graceful-fs@4.2.0
22 silly currentTree ├── jsprim@1.4.1
22 silly currentTree ├── lcid@1.0.0
22 silly currentTree ├── lodash.pad@4.5.1
22 silly currentTree ├── lodash.padend@4.6.1
22 silly currentTree ├── lodash.padstart@4.6.1
22 silly currentTree ├── lodash@3.10.1
22 silly currentTree ├── match-stream@0.0.2
22 silly currentTree ├── media-typer@0.3.0
22 silly currentTree ├── memory-stream@0.0.3
22 silly currentTree ├── merge-descriptors@1.0.1
22 silly currentTree ├── methods@1.1.2
22 silly currentTree ├── mime-db@1.40.0
22 silly currentTree ├── mime-types@2.1.24
22 silly currentTree ├── mime@1.6.0
22 silly currentTree ├── minimatch@3.0.4
22 silly currentTree ├── minimist@0.0.8
22 silly currentTree ├── mkdirp@0.5.1
22 silly currentTree ├── ms@2.0.0
22 silly currentTree ├── nan@2.14.0
22 silly currentTree ├── natives@1.1.6
22 silly currentTree ├── negotiator@0.6.2
22 silly currentTree ├── nopt@3.0.6
22 silly currentTree ├─┬ npmconf@2.1.3
22 silly currentTree │ ├── once@1.3.3
22 silly currentTree │ └── semver@4.3.6
22 silly currentTree ├── npmlog@1.2.1
22 silly currentTree ├── number-is-nan@1.0.1
22 silly currentTree ├── oauth-sign@0.9.0
22 silly currentTree ├── object-component@0.0.3
22 silly currentTree ├── on-finished@2.3.0
22 silly currentTree ├── once@1.4.0
22 silly currentTree ├── os-homedir@1.0.2
22 silly currentTree ├── os-locale@1.4.0
22 silly currentTree ├── os-tmpdir@1.0.2
22 silly currentTree ├── osenv@0.1.5
22 silly currentTree ├── over@0.0.5
22 silly currentTree ├── parseqs@0.0.5
22 silly currentTree ├── parseuri@0.0.5
22 silly currentTree ├── parseurl@1.3.3
22 silly currentTree ├── path-is-absolute@1.0.1
22 silly currentTree ├── path-to-regexp@0.1.7
22 silly currentTree ├── performance-now@2.1.0
22 silly currentTree ├── process-nextick-args@2.0.1
22 silly currentTree ├── proto-list@1.2.4
22 silly currentTree ├── proxy-addr@2.0.5
22 silly currentTree ├── psl@1.2.0
22 silly currentTree ├── pullstream@0.4.1
22 silly currentTree ├── punycode@2.1.1
22 silly currentTree ├── qs@6.5.2
22 silly currentTree ├── range-parser@1.2.1
22 silly currentTree ├── raw-body@2.4.0
22 silly currentTree ├── readable-stream@1.0.34
22 silly currentTree ├── request@2.88.0
22 silly currentTree ├── rimraf@2.6.3
22 silly currentTree ├── rsvp@3.6.2
22 silly currentTree ├── safe-buffer@5.1.2
22 silly currentTree ├── safer-buffer@2.1.2
22 silly currentTree ├── semver@5.7.0
22 silly currentTree ├─┬ send@0.17.1
22 silly currentTree │ └── ms@2.1.1
22 silly currentTree ├── serve-static@1.14.1
22 silly currentTree ├── setimmediate@1.0.5
22 silly currentTree ├── setprototypeof@1.1.1
22 silly currentTree ├── slice-stream@1.0.0
22 silly currentTree ├── socket.io-adapter@1.1.1
22 silly currentTree ├─┬ socket.io-client@2.2.0
22 silly currentTree │ └── debug@3.1.0
22 silly currentTree ├─┬ socket.io-parser@3.3.0
22 silly currentTree │ ├── debug@3.1.0
22 silly currentTree │ └── isarray@2.0.1
22 silly currentTree ├─┬ socket.io-stream@0.9.1
22 silly currentTree │ ├── debug@2.2.0
22 silly currentTree │ └── ms@0.7.1
22 silly currentTree ├─┬ socket.io@2.2.0
22 silly currentTree │ ├── debug@4.1.1
22 silly currentTree │ └── ms@2.1.2
22 silly currentTree ├── source-map-support@0.2.10
22 silly currentTree ├── source-map@0.1.32
22 silly currentTree ├── splitargs@0.0.7
22 silly currentTree ├── sshpk@1.16.1
22 silly currentTree ├── statuses@1.5.0
22 silly currentTree ├── string_decoder@0.10.31
22 silly currentTree ├── string-width@1.0.2
22 silly currentTree ├── strip-ansi@3.0.1
22 silly currentTree ├── tar@1.0.3
22 silly currentTree ├── three@0.106.2
22 silly currentTree ├── to-array@0.1.4
22 silly currentTree ├── toidentifier@1.0.0
22 silly currentTree ├─┬ tough-cookie@2.4.3
22 silly currentTree │ └── punycode@1.4.1
22 silly currentTree ├─┬ traceur@0.0.111
22 silly currentTree │ ├── glob@5.0.15
22 silly currentTree │ └── semver@4.3.6
22 silly currentTree ├── traverse@0.3.9
22 silly currentTree ├── tunnel-agent@0.6.0
22 silly currentTree ├── tweetnacl@0.14.5
22 silly currentTree ├── type-is@1.6.18
22 silly currentTree ├── uid-number@0.0.5
22 silly currentTree ├── unpipe@1.0.0
22 silly currentTree ├─┬ unzip@0.1.11
22 silly currentTree │ └── fstream@0.1.31
22 silly currentTree ├── uri-js@4.2.2
22 silly currentTree ├── url-join@0.0.1
22 silly currentTree ├── util-deprecate@1.0.2
22 silly currentTree ├── utils-merge@1.0.1
22 silly currentTree ├── uuid@3.3.2
22 silly currentTree ├── vary@1.1.2
22 silly currentTree ├── verror@1.10.0
22 silly currentTree ├── which@1.3.1
22 silly currentTree ├── window-size@0.1.4
22 silly currentTree ├── wrap-ansi@2.1.0
22 silly currentTree ├── wrappy@1.0.2
22 silly currentTree ├── ws@6.1.4
22 silly currentTree ├── xmlhttprequest-ssl@1.5.5
22 silly currentTree ├── y18n@3.2.1
22 silly currentTree ├── yargs@3.32.0
22 silly currentTree └── yeast@0.1.2
23 silly idealTree YarpJS@1.0.0
23 silly idealTree ├── abbrev@1.1.1
23 silly idealTree ├── accepts@1.3.7
23 silly idealTree ├── after@0.8.2
23 silly idealTree ├── ajv@6.10.0
23 silly idealTree ├── amdefine@1.0.1
23 silly idealTree ├── ansi-regex@2.1.1
23 silly idealTree ├── ansi@0.3.1
23 silly idealTree ├─┬ are-we-there-yet@1.0.6
23 silly idealTree │ ├── isarray@1.0.0
23 silly idealTree │ ├── readable-stream@2.3.6
23 silly idealTree │ └── string_decoder@1.1.1
23 silly idealTree ├── array-flatten@1.1.1
23 silly idealTree ├── arraybuffer.slice@0.0.7
23 silly idealTree ├── asn1@0.2.4
23 silly idealTree ├── assert-plus@1.0.0
23 silly idealTree ├── async-limiter@1.0.0
23 silly idealTree ├── asynckit@0.4.0
23 silly idealTree ├── aws-sign2@0.7.0
23 silly idealTree ├── aws4@1.8.0
23 silly idealTree ├── backo2@1.0.2
23 silly idealTree ├── balanced-match@1.0.0
23 silly idealTree ├── base64-arraybuffer@0.1.5
23 silly idealTree ├── base64id@1.0.0
23 silly idealTree ├── bcrypt-pbkdf@1.0.2
23 silly idealTree ├── better-assert@1.0.2
23 silly idealTree ├── binary@0.3.0
23 silly idealTree ├── blob@0.0.5
23 silly idealTree ├── block-stream@0.0.9
23 silly idealTree ├── bluebird@2.11.0
23 silly idealTree ├─┬ body-parser@1.19.0
23 silly idealTree │ └── qs@6.7.0
23 silly idealTree ├── brace-expansion@1.1.11
23 silly idealTree ├── buffers@0.1.1
23 silly idealTree ├── bytes@3.1.0
23 silly idealTree ├── callsite@1.0.0
23 silly idealTree ├── camelcase@2.1.1
23 silly idealTree ├── caseless@0.12.0
23 silly idealTree ├── chainsaw@0.1.0
23 silly idealTree ├── cliui@3.2.0
23 silly idealTree ├── cmake-js@3.2.1
23 silly idealTree ├── code-point-at@1.1.0
23 silly idealTree ├── combined-stream@1.0.8
23 silly idealTree ├── commander@2.9.0
23 silly idealTree ├── component-bind@1.0.0
23 silly idealTree ├── component-emitter@1.2.1
23 silly idealTree ├── component-inherit@0.0.3
23 silly idealTree ├── concat-map@0.0.1
23 silly idealTree ├── config-chain@1.1.12
23 silly idealTree ├── content-disposition@0.5.3
23 silly idealTree ├── content-type@1.0.4
23 silly idealTree ├── cookie-signature@1.0.6
23 silly idealTree ├── cookie@0.4.0
23 silly idealTree ├── core-util-is@1.0.2
23 silly idealTree ├── dashdash@1.14.1
23 silly idealTree ├── debug@2.6.9
23 silly idealTree ├── decamelize@1.2.0
23 silly idealTree ├── delayed-stream@1.0.0
23 silly idealTree ├── delegates@1.0.0
23 silly idealTree ├── depd@1.1.2
23 silly idealTree ├── destroy@1.0.4
23 silly idealTree ├── ecc-jsbn@0.1.2
23 silly idealTree ├── ee-first@1.1.1
23 silly idealTree ├── encodeurl@1.0.2
23 silly idealTree ├─┬ engine.io-client@3.3.2
23 silly idealTree │ └── debug@3.1.0
23 silly idealTree ├── engine.io-parser@2.1.3
23 silly idealTree ├─┬ engine.io@3.3.2
23 silly idealTree │ ├── cookie@0.3.1
23 silly idealTree │ └── debug@3.1.0
23 silly idealTree ├── escape-html@1.0.3
23 silly idealTree ├── etag@1.8.1
23 silly idealTree ├─┬ express@4.17.1
23 silly idealTree │ └── qs@6.7.0
23 silly idealTree ├── extend@3.0.2
23 silly idealTree ├── extsprintf@1.3.0
23 silly idealTree ├── fast-deep-equal@2.0.1
23 silly idealTree ├── fast-json-stable-stringify@2.0.0
23 silly idealTree ├── finalhandler@1.1.2
23 silly idealTree ├── forever-agent@0.6.1
23 silly idealTree ├── form-data@2.3.3
23 silly idealTree ├── forwarded@0.1.2
23 silly idealTree ├── fresh@0.5.2
23 silly idealTree ├── fs-extra@0.16.5
23 silly idealTree ├── fs.realpath@1.0.0
23 silly idealTree ├─┬ fstream@1.0.12
23 silly idealTree │ └── graceful-fs@4.2.0
23 silly idealTree ├── gauge@1.2.7
23 silly idealTree ├── getpass@0.1.7
23 silly idealTree ├── glob@7.1.4
23 silly idealTree ├── graceful-fs@3.0.11
23 silly idealTree ├── graceful-readlink@1.0.1
23 silly idealTree ├── har-schema@2.0.0
23 silly idealTree ├── har-validator@5.1.3
23 silly idealTree ├─┬ has-binary2@1.0.3
23 silly idealTree │ └── isarray@2.0.1
23 silly idealTree ├── has-cors@1.1.0
23 silly idealTree ├── has-unicode@2.0.1
23 silly idealTree ├─┬ http-errors@1.7.2
23 silly idealTree │ └── inherits@2.0.3
23 silly idealTree ├── http-signature@1.2.0
23 silly idealTree ├── iconv-lite@0.4.24
23 silly idealTree ├── indexof@0.0.1
23 silly idealTree ├── inflight@1.0.6
23 silly idealTree ├── inherits@2.0.4
23 silly idealTree ├── ini@1.3.5
23 silly idealTree ├── invert-kv@1.0.0
23 silly idealTree ├── ipaddr.js@1.9.0
23 silly idealTree ├── is-fullwidth-code-point@1.0.0
23 silly idealTree ├── is-iojs@1.1.0
23 silly idealTree ├── is-typedarray@1.0.0
23 silly idealTree ├── isarray@0.0.1
23 silly idealTree ├── isexe@2.0.0
23 silly idealTree ├── isstream@0.1.2
23 silly idealTree ├── jquery@3.4.1
23 silly idealTree ├── jsbn@0.1.1
23 silly idealTree ├── json-schema-traverse@0.4.1
23 silly idealTree ├── json-schema@0.2.3
23 silly idealTree ├── json-stringify-safe@5.0.1
23 silly idealTree ├─┬ jsonfile@2.4.0
23 silly idealTree │ └── graceful-fs@4.2.0
23 silly idealTree ├── jsprim@1.4.1
23 silly idealTree ├── lcid@1.0.0
23 silly idealTree ├── lodash.pad@4.5.1
23 silly idealTree ├── lodash.padend@4.6.1
23 silly idealTree ├── lodash.padstart@4.6.1
23 silly idealTree ├── lodash@3.10.1
23 silly idealTree ├── match-stream@0.0.2
23 silly idealTree ├── media-typer@0.3.0
23 silly idealTree ├── memory-stream@0.0.3
23 silly idealTree ├── merge-descriptors@1.0.1
23 silly idealTree ├── methods@1.1.2
23 silly idealTree ├── mime-db@1.40.0
23 silly idealTree ├── mime-types@2.1.24
23 silly idealTree ├── mime@1.6.0
23 silly idealTree ├── minimatch@3.0.4
23 silly idealTree ├── minimist@0.0.8
23 silly idealTree ├── mkdirp@0.5.1
23 silly idealTree ├── ms@2.0.0
23 silly idealTree ├── nan@2.14.0
23 silly idealTree ├── natives@1.1.6
23 silly idealTree ├── negotiator@0.6.2
23 silly idealTree ├── nopt@3.0.6
23 silly idealTree ├─┬ npmconf@2.1.3
23 silly idealTree │ ├── once@1.3.3
23 silly idealTree │ └── semver@4.3.6
23 silly idealTree ├── npmlog@1.2.1
23 silly idealTree ├── number-is-nan@1.0.1
23 silly idealTree ├── oauth-sign@0.9.0
23 silly idealTree ├── object-component@0.0.3
23 silly idealTree ├── on-finished@2.3.0
23 silly idealTree ├── once@1.4.0
23 silly idealTree ├── os-homedir@1.0.2
23 silly idealTree ├── os-locale@1.4.0
23 silly idealTree ├── os-tmpdir@1.0.2
23 silly idealTree ├── osenv@0.1.5
23 silly idealTree ├── over@0.0.5
23 silly idealTree ├── parseqs@0.0.5
23 silly idealTree ├── parseuri@0.0.5
23 silly idealTree ├── parseurl@1.3.3
23 silly idealTree ├── path-is-absolute@1.0.1
23 silly idealTree ├── path-to-regexp@0.1.7
23 silly idealTree ├── performance-now@2.1.0
23 silly idealTree ├── process-nextick-args@2.0.1
23 silly idealTree ├── proto-list@1.2.4
23 silly idealTree ├── proxy-addr@2.0.5
23 silly idealTree ├── psl@1.2.0
23 silly idealTree ├── pullstream@0.4.1
23 silly idealTree ├── punycode@2.1.1
23 silly idealTree ├── qs@6.5.2
23 silly idealTree ├── range-parser@1.2.1
23 silly idealTree ├── raw-body@2.4.0
23 silly idealTree ├── readable-stream@1.0.34
23 silly idealTree ├── request@2.88.0
23 silly idealTree ├── rimraf@2.6.3
23 silly idealTree ├── rsvp@3.6.2
23 silly idealTree ├── safe-buffer@5.1.2
23 silly idealTree ├── safer-buffer@2.1.2
23 silly idealTree ├── semver@5.7.0
23 silly idealTree ├─┬ send@0.17.1
23 silly idealTree │ └── ms@2.1.1
23 silly idealTree ├── serve-static@1.14.1
23 silly idealTree ├── setimmediate@1.0.5
23 silly idealTree ├── setprototypeof@1.1.1
23 silly idealTree ├── slice-stream@1.0.0
23 silly idealTree ├── socket.io-adapter@1.1.1
23 silly idealTree ├─┬ socket.io-client@2.2.0
23 silly idealTree │ └── debug@3.1.0
23 silly idealTree ├─┬ socket.io-parser@3.3.0
23 silly idealTree │ ├── debug@3.1.0
23 silly idealTree │ └── isarray@2.0.1
23 silly idealTree ├─┬ socket.io-stream@0.9.1
23 silly idealTree │ ├── debug@2.2.0
23 silly idealTree │ └── ms@0.7.1
23 silly idealTree ├─┬ socket.io@2.2.0
23 silly idealTree │ ├── debug@4.1.1
23 silly idealTree │ └── ms@2.1.2
23 silly idealTree ├── source-map-support@0.2.10
23 silly idealTree ├── source-map@0.1.32
23 silly idealTree ├── splitargs@0.0.7
23 silly idealTree ├── sshpk@1.16.1
23 silly idealTree ├── statuses@1.5.0
23 silly idealTree ├── string_decoder@0.10.31
23 silly idealTree ├── string-width@1.0.2
23 silly idealTree ├── strip-ansi@3.0.1
23 silly idealTree ├── tar@1.0.3
23 silly idealTree ├── three@0.106.2
23 silly idealTree ├── to-array@0.1.4
23 silly idealTree ├── toidentifier@1.0.0
23 silly idealTree ├─┬ tough-cookie@2.4.3
23 silly idealTree │ └── punycode@1.4.1
23 silly idealTree ├─┬ traceur@0.0.111
23 silly idealTree │ ├── glob@5.0.15
23 silly idealTree │ └── semver@4.3.6
23 silly idealTree ├── traverse@0.3.9
23 silly idealTree ├── tunnel-agent@0.6.0
23 silly idealTree ├── tweetnacl@0.14.5
23 silly idealTree ├── type-is@1.6.18
23 silly idealTree ├── uid-number@0.0.5
23 silly idealTree ├── unpipe@1.0.0
23 silly idealTree ├─┬ unzip@0.1.11
23 silly idealTree │ └── fstream@0.1.31
23 silly idealTree ├── uri-js@4.2.2
23 silly idealTree ├── url-join@0.0.1
23 silly idealTree ├── util-deprecate@1.0.2
23 silly idealTree ├── utils-merge@1.0.1
23 silly idealTree ├── uuid@3.3.2
23 silly idealTree ├── vary@1.1.2
23 silly idealTree ├── verror@1.10.0
23 silly idealTree ├── which@1.3.1
23 silly idealTree ├── window-size@0.1.4
23 silly idealTree ├── wrap-ansi@2.1.0
23 silly idealTree ├── wrappy@1.0.2
23 silly idealTree ├── ws@6.1.4
23 silly idealTree ├── xmlhttprequest-ssl@1.5.5
23 silly idealTree ├── y18n@3.2.1
23 silly idealTree ├── yargs@3.32.0
23 silly idealTree └── yeast@0.1.2
24 silly generateActionsToTake Starting
25 silly install generateActionsToTake
26 silly generateActionsToTake Finishing
27 silly diffTrees action count 0
28 silly decomposeActions action count 0
29 silly executeActions Starting
30 silly install executeActions
31 silly doSerial global-install 0
32 silly doParallel fetch 0
33 verbose lock using /home/giulia/.npm/_locks/staging-04c9cd91d3e76c1e.lock for /home/giulia/workspace/iit-ibm/iit/node_modules/.staging
34 silly doParallel extract 0
35 silly doParallel preinstall 0
36 silly doReverseSerial remove 0
37 silly doSerial move 0
38 silly doSerial finalize 0
39 silly doSerial build 0
40 silly doSerial global-link 0
41 silly doParallel update-linked 0
42 silly doSerial install 0
43 silly doSerial postinstall 0
44 verbose unlock done using /home/giulia/.npm/_locks/staging-04c9cd91d3e76c1e.lock for /home/giulia/workspace/iit-ibm/iit/node_modules/.staging
45 silly executeActions Finishing
46 silly rollbackFailedOptional Starting
47 silly rollbackFailedOptional Finishing
48 silly runTopLevelLifecycles Starting
49 silly install runTopLevelLifecycles
50 silly preinstall YarpJS@1.0.0 /home/giulia/workspace/iit-ibm/iit/YarpJS-e48dfaa7
51 info lifecycle YarpJS@1.0.0~preinstall: YarpJS@1.0.0
52 silly lifecycle YarpJS@1.0.0~preinstall: no script for preinstall, continuing
53 silly build YarpJS@1.0.0
54 info linkStuff YarpJS@1.0.0
55 silly linkStuff YarpJS@1.0.0 has /home/giulia/workspace/iit-ibm as its parent node_modules
56 verbose linkBins YarpJS@1.0.0
57 verbose linkMans YarpJS@1.0.0
58 silly install YarpJS@1.0.0 /home/giulia/workspace/iit-ibm/iit/YarpJS-e48dfaa7
59 info lifecycle YarpJS@1.0.0~install: YarpJS@1.0.0
60 verbose lifecycle YarpJS@1.0.0~install: unsafe-perm in lifecycle true
61 verbose lifecycle YarpJS@1.0.0~install: PATH: /usr/share/npm/bin/node-gyp-bin:/home/giulia/workspace/iit-ibm/iit/node_modules/.bin:/usr/lib/ccache:/home/giulia/.local/bin:/usr/local/sbin:/usr/local/bin:/usr/sbin:/usr/bin:/sbin:/bin:/usr/games:/usr/local/games:/snap/bin:/home/giulia/workspace/yarp/build/bin:/home/giulia/workspace/icub-main/build/bin:ICUBcontrib_DIR/bin:/home/giulia/workspace/OpenWhisk_CLI-latest-all/linux/amd64:/home/giulia/workspace/Qt5/Qt5-lib/Tools/QtCreator/bin
62 verbose lifecycle YarpJS@1.0.0~install: CWD: /home/giulia/workspace/iit-ibm/iit
63 silly lifecycle YarpJS@1.0.0~install: Args: [ '-c', 'cmake-js' ]
64 silly lifecycle YarpJS@1.0.0~install: Returned: code: 1  signal: null
65 info lifecycle YarpJS@1.0.0~install: Failed to exec install script
66 verbose stack Error: YarpJS@1.0.0 install: `cmake-js`
66 verbose stack Exit status 1
66 verbose stack     at EventEmitter.<anonymous> (/usr/share/npm/lib/utils/lifecycle.js:232:16)
66 verbose stack     at emitTwo (events.js:126:13)
66 verbose stack     at EventEmitter.emit (events.js:214:7)
66 verbose stack     at ChildProcess.<anonymous> (/usr/share/npm/lib/utils/spawn.js:24:14)
66 verbose stack     at emitTwo (events.js:126:13)
66 verbose stack     at ChildProcess.emit (events.js:214:7)
66 verbose stack     at maybeClose (internal/child_process.js:925:16)
66 verbose stack     at Process.ChildProcess._handle.onexit (internal/child_process.js:209:5)
67 verbose pkgid YarpJS@1.0.0
68 verbose cwd /home/giulia/workspace/iit-ibm/iit
69 error Linux 4.15.0-52-generic
70 error argv "/usr/bin/node" "/usr/bin/npm" "install"
71 error node v8.10.0
72 error npm  v3.5.2
73 error code ELIFECYCLE
74 error YarpJS@1.0.0 install: `cmake-js`
74 error Exit status 1
75 error Failed at the YarpJS@1.0.0 install script 'cmake-js'.
75 error Make sure you have the latest version of node.js and npm installed.
75 error If you do, this is most likely a problem with the YarpJS package,
75 error not with npm itself.
75 error Tell the author that this fails on your system:
75 error     cmake-js
75 error You can get information on how to open an issue for this project with:
75 error     npm bugs YarpJS
75 error Or if that isn't available, you can get their info via:
75 error     npm owner ls YarpJS
75 error There is likely additional logging output above.
76 verbose exit [ 1, true ]
